2022-02-09 22:19:11,708:WARNING:nextcord.client: PyNaCl is not installed, voice will NOT be supported
2022-02-09 22:19:11,709:DEBUG:nextcord.client: on_ready has successfully been registered as an event
2022-02-09 22:19:11,710:INFO:nextcord.client: logging in using static token
2022-02-09 22:19:12,278:DEBUG:nextcord.http: GET https://discord.com/api/v9/users/@me with None has returned 200
2022-02-09 22:19:12,279:DEBUG:nextcord.http: GET https://discord.com/api/v9/users/@me has received {'id': '940211083053006878', 'username': 'SonarrCord', 'avatar': None, 'discriminator': '3662', 'public_flags': 0, 'flags': 0, 'bot': True, 'banner': None, 'banner_color': None, 'accent_color': None, 'bio': '', 'locale': 'en-US', 'mfa_enabled': True, 'email': None, 'verified': True}
2022-02-09 22:19:12,318:DEBUG:nextcord.http: GET https://discord.com/api/v9/gateway with None has returned 200
2022-02-09 22:19:12,319:DEBUG:nextcord.http: GET https://discord.com/api/v9/gateway has received {'url': 'wss://gateway.discord.gg'}
2022-02-09 22:19:12,518:DEBUG:nextcord.gateway: Created websocket connected to wss://gateway.discord.gg?encoding=json&v=9&compress=zlib-stream
2022-02-09 22:19:12,518:DEBUG:nextcord.gateway: For Shard ID None: WebSocket Event: {'t': None, 's': None, 'op': 10, 'd': {'heartbeat_interval': 41250, '_trace': ['["gateway-prd-main-5cp5",{"micros":0.0}]']}}
2022-02-09 22:19:12,520:INFO:nextcord.gateway: Shard ID None has sent the IDENTIFY payload.
2022-02-09 22:19:12,637:DEBUG:nextcord.gateway: For Shard ID None: WebSocket Event: {'t': None, 's': None, 'op': 11, 'd': None}
2022-02-09 22:19:12,752:DEBUG:nextcord.gateway: For Shard ID None: WebSocket Event: {'t': 'READY', 's': 1, 'op': 0, 'd': {'v': 9, 'user_settings': {}, 'user': {'verified': True, 'username': 'SonarrCord', 'mfa_enabled': True, 'id': '940211083053006878', 'flags': 0, 'email': None, 'discriminator': '3662', 'bot': True, 'avatar': None}, 'session_id': '774b75798f8914daaa9cff5fb41565ce', 'relationships': [], 'private_channels': [], 'presences': [], 'guilds': [{'unavailable': True, 'id': '940211208965992479'}], 'guild_join_requests': [], 'geo_ordered_rtc_regions': ['rotterdam', 'milan', 'stockholm', 'madrid', 'st-pete'], 'application': {'id': '940211083053006878', 'flags': 819200}, '_trace': ['["gateway-prd-main-5cp5",{"micros":114935,"calls":["discord-sessions-blue-prd-2-141",{"micros":113984,"calls":["start_session",{"micros":68049,"calls":["api-prd-main-6w5t",{"micros":60015,"calls":["get_user",{"micros":10415},"add_authorized_ip",{"micros":3725},"get_guilds",{"micros":8722},"coros_wait",{"micros":1}]}]},"guilds_connect",{"micros":1,"calls":[]},"presence_connect",{"micros":24108,"calls":[]}]}]}]']}}
2022-02-09 22:19:12,752:DEBUG:nextcord.client: Dispatching event socket_event_type
2022-02-09 22:19:12,752:INFO:nextcord.gateway: Shard ID None has connected to Gateway: ["gateway-prd-main-5cp5",{"micros":114935,"calls":["discord-sessions-blue-prd-2-141",{"micros":113984,"calls":["start_session",{"micros":68049,"calls":["api-prd-main-6w5t",{"micros":60015,"calls":["get_user",{"micros":10415},"add_authorized_ip",{"micros":3725},"get_guilds",{"micros":8722},"coros_wait",{"micros":1}]}]},"guilds_connect",{"micros":1,"calls":[]},"presence_connect",{"micros":24108,"calls":[]}]}]}] (Session ID: 774b75798f8914daaa9cff5fb41565ce).
2022-02-09 22:19:12,752:DEBUG:nextcord.client: Dispatching event connect
2022-02-09 22:19:12,754:DEBUG:nextcord.gateway: For Shard ID None: WebSocket Event: {'t': 'GUILD_CREATE', 's': 2, 'op': 0, 'd': {'stickers': [], 'system_channel_id': '940211208965992483', 'stage_instances': [], 'name': 'bot testing', 'nsfw': False, 'description': None, 'application_command_counts': {'3': 0, '2': 0, '1': 0}, 'public_updates_channel_id': None, 'splash': None, 'emojis': [], 'application_id': None, 'application_command_count': 0, 'mfa_level': 0, 'roles': [{'unicode_emoji': None, 'position': 0, 'permissions': '1071698660929', 'name': '@everyone', 'mentionable': False, 'managed': False, 'id': '940211208965992479', 'icon': None, 'hoist': False, 'color': 0}, {'unicode_emoji': None, 'tags': {'bot_id': '940211083053006878'}, 'position': 1, 'permissions': '2147600392', 'name': 'SonarrCord', 'mentionable': False, 'managed': True, 'id': '940212076176113686', 'icon': None, 'hoist': False, 'color': 0}], 'icon': None, 'premium_progress_bar_enabled': False, 'max_members': 500000, 'member_count': 2, 'embedded_activities': [], 'guild_scheduled_events': [], 'owner_id': '360855785653272576', 'afk_timeout': 300, 'lazy': True, 'explicit_content_filter': 0, 'discovery_splash': None, 'premium_subscription_count': 0, 'hub_type': None, 'preferred_locale': 'en-US', 'premium_tier': 0, 'joined_at': '2022-02-07T11:47:07.315000+00:00', 'vanity_url_code': None, 'banner': None, 'afk_channel_id': None, 'features': [], 'threads': [], 'guild_hashes': {'version': 1, 'roles': {'omitted': False, 'hash': '5qlHMtUeBF0'}, 'metadata': {'omitted': False, 'hash': 'tVxSLGC0V84'}, 'channels': {'omitted': False, 'hash': 'p4c1RuC6lII'}}, 'voice_states': [], 'rules_channel_id': None, 'id': '940211208965992479', 'verification_level': 0, 'members': [{'user': {'username': 'SonarrCord', 'id': '940211083053006878', 'discriminator': '3662', 'bot': True, 'avatar': None}, 'roles': ['940212076176113686'], 'mute': False, 'joined_at': '2022-02-07T11:47:07.315000+00:00', 'hoisted_role': None, 'deaf': False}], 'max_video_channel_users': 25, 'region': 'deprecated', 'unavailable': False, 'presences': [], 'nsfw_level': 0, 'default_message_notifications': 0, 'channels': [{'type': 4, 'position': 0, 'permission_overwrites': [], 'name': 'Text channels', 'id': '940211208965992481'}, {'type': 4, 'position': 0, 'permission_overwrites': [], 'name': 'Voice channels', 'id': '940211208965992482'}, {'type': 0, 'topic': None, 'rate_limit_per_user': 0, 'position': 0, 'permission_overwrites': [], 'parent_id': '940211208965992481', 'name': 'general', 'last_message_id': '941089741548445757', 'id': '940211208965992483'}, {'user_limit': 0, 'type': 2, 'rtc_region': None, 'rate_limit_per_user': 0, 'position': 0, 'permission_overwrites': [], 'parent_id': '940211208965992482', 'name': 'General', 'last_message_id': None, 'id': '940211208965992484', 'bitrate': 64000}, {'type': 0, 'topic': None, 'rate_limit_per_user': 0, 'position': 1, 'permission_overwrites': [], 'parent_id': '940211208965992481', 'name': 'testicles', 'last_message_id': None, 'id': '940306429385015296'}], 'large': False, 'system_channel_flags': 0}}
2022-02-09 22:19:12,754:DEBUG:nextcord.client: Dispatching event socket_event_type
2022-02-09 22:19:12,884:DEBUG:nextcord.gateway: For Shard ID None: WebSocket Event: {'t': 'GUILD_MEMBERS_CHUNK', 's': 3, 'op': 0, 'd': {'nonce': 'd405fcf138d738da2ebe22f1bf8360c6', 'members': [{'user': {'username': 'Rel1x', 'public_flags': 128, 'id': '360855785653272576', 'discriminator': '4711', 'avatar': 'a_a6ac75a61da2dcd9284188cf31d50ce5'}, 'roles': [], 'mute': False, 'joined_at': '2022-02-07T11:43:40.507000+00:00', 'hoisted_role': None, 'deaf': False}, {'user': {'username': 'SonarrCord', 'id': '940211083053006878', 'discriminator': '3662', 'bot': True, 'avatar': None}, 'roles': ['940212076176113686'], 'mute': False, 'joined_at': '2022-02-07T11:47:07.315000+00:00', 'hoisted_role': None, 'deaf': False}], 'guild_id': '940211208965992479', 'chunk_index': 0, 'chunk_count': 1}}
2022-02-09 22:19:12,885:DEBUG:nextcord.client: Dispatching event socket_event_type
2022-02-09 22:19:12,885:DEBUG:nextcord.state: Processed a chunk for 2 members in guild ID 940211208965992479.
2022-02-09 22:19:12,931:DEBUG:nextcord.http: GET https://discord.com/api/v9/applications/940211083053006878/commands with None has returned 200
2022-02-09 22:19:12,931:DEBUG:nextcord.http: GET https://discord.com/api/v9/applications/940211083053006878/commands has received []
2022-02-09 22:19:13,083:DEBUG:nextcord.http: GET https://discord.com/api/v9/applications/940211083053006878/commands with None has returned 200
2022-02-09 22:19:13,084:DEBUG:nextcord.http: GET https://discord.com/api/v9/applications/940211083053006878/commands has received []
2022-02-09 22:19:13,233:DEBUG:nextcord.http: GET https://discord.com/api/v9/applications/940211083053006878/commands with None has returned 200
2022-02-09 22:19:13,233:DEBUG:nextcord.http: GET https://discord.com/api/v9/applications/940211083053006878/commands has received []
2022-02-09 22:19:14,757:DEBUG:nextcord.client: Dispatching event guild_available
2022-02-09 22:19:14,757:DEBUG:nextcord.client: Dispatching event ready
2022-02-09 22:19:14,758:DEBUG:nextcord.client: nextcord.Client: No locally added commands explicitly registered for bot testing|940211208965992479, not checking.
2022-02-09 22:19:53,770:DEBUG:nextcord.gateway: Keeping shard ID None websocket alive with sequence 3.
2022-02-09 22:19:53,890:DEBUG:nextcord.gateway: For Shard ID None: WebSocket Event: {'t': None, 's': None, 'op': 11, 'd': None}
2022-02-09 22:20:35,021:DEBUG:nextcord.gateway: Keeping shard ID None websocket alive with sequence 3.
2022-02-09 22:20:35,144:DEBUG:nextcord.gateway: For Shard ID None: WebSocket Event: {'t': None, 's': None, 'op': 11, 'd': None}
2022-02-09 22:21:16,272:DEBUG:nextcord.gateway: Keeping shard ID None websocket alive with sequence 3.
2022-02-09 22:21:16,389:DEBUG:nextcord.gateway: For Shard ID None: WebSocket Event: {'t': None, 's': None, 'op': 11, 'd': None}
2022-02-09 22:21:57,523:DEBUG:nextcord.gateway: Keeping shard ID None websocket alive with sequence 3.
2022-02-09 22:21:57,641:DEBUG:nextcord.gateway: For Shard ID None: WebSocket Event: {'t': None, 's': None, 'op': 11, 'd': None}
2022-02-09 22:22:38,774:DEBUG:nextcord.gateway: Keeping shard ID None websocket alive with sequence 3.
2022-02-09 22:22:38,893:DEBUG:nextcord.gateway: For Shard ID None: WebSocket Event: {'t': None, 's': None, 'op': 11, 'd': None}
2022-02-09 22:23:20,025:DEBUG:nextcord.gateway: Keeping shard ID None websocket alive with sequence 3.
2022-02-09 22:23:20,141:DEBUG:nextcord.gateway: For Shard ID None: WebSocket Event: {'t': None, 's': None, 'op': 11, 'd': None}
2022-02-09 22:24:01,276:DEBUG:nextcord.gateway: Keeping shard ID None websocket alive with sequence 3.
2022-02-09 22:24:01,403:DEBUG:nextcord.gateway: For Shard ID None: WebSocket Event: {'t': None, 's': None, 'op': 11, 'd': None}
2022-02-09 22:24:42,527:DEBUG:nextcord.gateway: Keeping shard ID None websocket alive with sequence 3.
2022-02-09 22:24:42,648:DEBUG:nextcord.gateway: For Shard ID None: WebSocket Event: {'t': None, 's': None, 'op': 11, 'd': None}
2022-02-09 22:25:23,778:DEBUG:nextcord.gateway: Keeping shard ID None websocket alive with sequence 3.
2022-02-09 22:25:23,897:DEBUG:nextcord.gateway: For Shard ID None: WebSocket Event: {'t': None, 's': None, 'op': 11, 'd': None}
2022-02-09 22:26:05,029:DEBUG:nextcord.gateway: Keeping shard ID None websocket alive with sequence 3.
2022-02-09 22:26:05,148:DEBUG:nextcord.gateway: For Shard ID None: WebSocket Event: {'t': None, 's': None, 'op': 11, 'd': None}
2022-02-09 22:26:46,280:DEBUG:nextcord.gateway: Keeping shard ID None websocket alive with sequence 3.
2022-02-09 22:26:46,398:DEBUG:nextcord.gateway: For Shard ID None: WebSocket Event: {'t': None, 's': None, 'op': 11, 'd': None}
